ORD  UPLO       N    NRHS     lda     ldb       TIME     MFLOP        RESID
===  ====  ======  ======  ======  ======  =========  ========  ===========

  C     G     167      83     167     167      0.001   6792.13  1.502351e-01
  R     G     167      83     167     167      0.001   8707.86  1.046339e-01

2 TESTS RUN, ALL PASSED.

ORD  UPLO       N    NRHS     lda     ldb       TIME     MFLOP        RESID
===  ====  ======  ======  ======  ======  =========  ========  ===========

  C     U     167      83     167     167      0.000   8281.10  4.389963e-03
  C     L     167      83     167     167      0.000   8555.92  3.912977e-03
  R     U     167      83     167     167      0.000   8499.50  3.912977e-03
  R     L     167      83     167     167      0.001   5780.68  4.389963e-03

4 TESTS RUN, ALL PASSED.

Rt  Maj      M      N    lda        TIME       MFLOP   RESIDUAL
==  ===  =====  =====  =====  ==========  ==========  =========
QR  Col     83    167     83  0.0000e+00         inf   6.22e-02
QL  Col     83    167     83  0.0000e+00         inf   6.76e-02
RQ  Col     83    167     83  0.0000e+00         inf   6.28e-02
LQ  Col     83    167     83  0.0000e+00         inf   6.93e-02

4 cases ran, 4 cases passed

NREPS   Ord. UPLO DIAG       N    lda          TIME        MFLOPS         RESID
=====  ==== =====  ===== =====  =====  ============  ============  ============
    1  Col  Upper NonUn    167    167       0.00017      8922.343  6.136717e-03
    1  Col  Upper Unit     167    167       0.00015     10213.735  8.911600e-03
    1  Col  Lower NonUn    167    167       0.00018      8820.953  6.149597e-03
    1  Col  Lower Unit     167    167       0.00017      9078.875  1.042666e-02
    1  Row  Upper NonUn    167    167       0.00017      8973.917  6.252614e-03
    1  Row  Upper Unit     167    167       0.00018      8673.115  9.801444e-03
    1  Row  Lower NonUn    167    167       0.00014     11089.198  6.302058e-03
    1  Row  Lower Unit     167    167       0.00014     11415.350  9.347837e-03

8 cases: 8 passed, 0 skipped, 0 failed
NREPS  ORD   UPLO      N    lda          TIME        MFLOPS         RESID
=====  ===  =====  =====  =====  ============  ============  ============
    1  Col  Upper    167    167       0.00029      4057.024  5.978251e-01
    1  Col  Lower    167    167       0.00023      5062.460  4.659036e-01
    1  Row  Upper    167    167       0.00033      3571.674  4.659036e-01
    1  Row  Lower    167    167       0.00020      5940.642  5.978251e-01

4 cases: 4 passed, 0 skipped, 0 failed
ORD  UPLO       N    NRHS     lda     ldb       TIME     MFLOP        RESID
===  ====  ======  ======  ======  ======  =========  ========  ===========

  C     G     167      83     167     167      0.001   6245.64  1.082931e-01
  R     G     167      83     167     167      0.001   6310.93  1.602948e-01

2 TESTS RUN, ALL PASSED.

ORD  UPLO       N    NRHS     lda     ldb       TIME     MFLOP        RESID
===  ====  ======  ======  ======  ======  =========  ========  ===========

  C     U     167      83     167     167      0.000  12679.59  4.226059e-03
  C     L     167      83     167     167      0.000   9992.96  6.202035e-03
  R     U     167      83     167     167      0.000   8890.29  6.202035e-03
  R     L     167      83     167     167      0.000   7924.74  4.226059e-03

4 TESTS RUN, ALL PASSED.

Rt  Maj      M      N    lda        TIME       MFLOP   RESIDUAL
==  ===  =====  =====  =====  ==========  ==========  =========
QR  Col     83    167     83  2.1390e-03      913.89   6.06e-02
QL  Col     83    167     83  0.0000e+00         inf   5.54e-02
RQ  Col     83    167     83  1.9340e-03     1007.20   6.31e-02
LQ  Col     83    167     83  0.0000e+00         inf   6.46e-02

4 cases ran, 4 cases passed

NREPS   Ord. UPLO DIAG       N    lda          TIME        MFLOPS         RESID
=====  ==== =====  ===== =====  =====  ============  ============  ============
    1  Col  Upper NonUn    167    167       0.00000         0.000  6.164530e-03
    1  Col  Upper Unit     167    167       0.00000         0.000  1.246857e-02
    1  Col  Lower NonUn    167    167       0.00000         0.000  6.116757e-03
    1  Col  Lower Unit     167    167       0.00000         0.000  1.048943e-02
    1  Row  Upper NonUn    167    167       0.00000         0.000  6.197410e-03
    1  Row  Upper Unit     167    167       0.00000         0.000  1.130283e-02
    1  Row  Lower NonUn    167    167       0.00000         0.000  6.169428e-03
    1  Row  Lower Unit     167    167       0.00000         0.000  1.014214e-02

8 cases: 8 passed, 0 skipped, 0 failed
NREPS  ORD   UPLO      N    lda          TIME        MFLOPS         RESID
=====  ===  =====  =====  =====  ============  ============  ============
    1  Col  Upper    167    167       0.00255       457.152  9.951087e-01
    1  Col  Lower    167    167       0.00000         0.000  7.410748e-01
    1  Row  Upper    167    167       0.00000         0.000  7.410748e-01
    1  Row  Lower    167    167       0.00000         0.000  9.951087e-01

4 cases: 4 passed, 0 skipped, 0 failed
ORD  UPLO       N    NRHS     lda     ldb       TIME     MFLOP        RESID
===  ====  ======  ======  ======  ======  =========  ========  ===========

  C     G     167      83     167     167      0.002  11693.03  3.193987e-02
  R     G     167      83     167     167      0.002  10726.81  2.576034e-02

2 TESTS RUN, ALL PASSED.

ORD  UPLO       N    NRHS     lda     ldb       TIME     MFLOP        RESID
===  ====  ======  ======  ======  ======  =========  ========  ===========

  C     U     167      83     167     167      0.001  20581.89  2.741205e-03
  C     L     167      83     167     167      0.001  13248.71  2.992099e-03
  R     U     167      83     167     167     -1.000     -1.00  3.112212e-03
  R     L     167      83     167     167      0.001  11584.01  3.491351e-03

4 TESTS RUN, ALL PASSED.

Rt  Maj      M      N    lda        TIME       MFLOP   RESIDUAL
==  ===  =====  =====  =====  ==========  ==========  =========
QR  Col     83    167     83  2.8500e-03     2753.50   7.59e-02
QL  Col     83    167     83  0.0000e+00         inf   7.53e-02
RQ  Col     83    167     83  0.0000e+00         inf   6.06e-02
LQ  Col     83    167     83  0.0000e+00         inf   6.73e-02

4 cases ran, 4 cases passed

NREPS   Ord. UPLO DIAG       N    lda          TIME        MFLOPS         RESID
=====  ==== =====  ===== =====  =====  ============  ============  ============
    1  Col  Upper NonUn    167    167       0.00000         0.000  7.629039e-03
    1  Col  Upper Unit     167    167       0.00000         0.000  1.373115e-02
    1  Col  Lower NonUn    167    167       0.00313      1963.680  7.621932e-03
    1  Col  Lower Unit     167    167       0.00306      2014.459  1.374870e-02
    1  Row  Upper NonUn    167    167       0.00323      1904.727  7.632981e-03
    1  Row  Upper Unit     167    167       0.00306      2011.825  1.287884e-02
    1  Row  Lower NonUn    167    167       0.00299      2058.252  7.634603e-03
    1  Row  Lower Unit     167    167       0.00290      2120.666  1.722316e-02

8 cases: 8 passed, 0 skipped, 0 failed
NREPS  ORD   UPLO      N    lda          TIME        MFLOPS         RESID
=====  ===  =====  =====  =====  ============  ============  ============
    1  Col  Upper    167    167       0.00077      6025.179  1.620679e+00
    1  Col  Lower    167    167       0.00072      6424.087  1.551952e+00
    1  Row  Upper    167    167       0.00069      6740.178  1.551952e+00
    1  Row  Lower    167    167       0.00069      6749.946  1.620679e+00

4 cases: 4 passed, 0 skipped, 0 failed
ORD  UPLO       N    NRHS     lda     ldb       TIME     MFLOP        RESID
===  ====  ======  ======  ======  ======  =========  ========  ===========

  C     G     167      83     167     167      0.002   9059.29  2.851004e-02
  R     G     167      83     167     167      0.002   9635.06  3.008014e-02

2 TESTS RUN, ALL PASSED.

ORD  UPLO       N    NRHS     lda     ldb       TIME     MFLOP        RESID
===  ====  ======  ======  ======  ======  =========  ========  ===========

  C     U     167      83     167     167      0.002   8584.29  3.620513e-03
  C     L     167      83     167     167      0.002   8753.08  3.676007e-03
  R     U     167      83     167     167      0.002   8408.25  3.926983e-03
  R     L     167      83     167     167      0.002   8699.32  3.561654e-03

4 TESTS RUN, ALL PASSED.

Rt  Maj      M      N    lda        TIME       MFLOP   RESIDUAL
==  ===  =====  =====  =====  ==========  ==========  =========
QR  Col     83    167     83  0.0000e+00         inf   8.78e-02
QL  Col     83    167     83  0.0000e+00         inf   8.09e-02
RQ  Col     83    167     83  0.0000e+00         inf   7.40e-02
LQ  Col     83    167     83  0.0000e+00         inf   6.80e-02

4 cases ran, 4 cases passed

NREPS   Ord. UPLO DIAG       N    lda          TIME        MFLOPS         RESID
=====  ==== =====  ===== =====  =====  ============  ============  ============
    1  Col  Upper NonUn    167    167       0.00051     12138.408  7.619668e-03
    1  Col  Upper Unit     167    167       0.00022     28491.540  1.496224e-02
    1  Col  Lower NonUn    167    167       0.00028     22137.312  7.629354e-03
    1  Col  Lower Unit     167    167       0.00028     21900.970  1.468561e-02
    1  Row  Upper NonUn    167    167       0.00033     18536.665  7.631208e-03
    1  Row  Upper Unit     167    167       0.00031     19724.912  1.428419e-02
    1  Row  Lower NonUn    167    167       0.00035     17433.917  7.612898e-03
    1  Row  Lower Unit     167    167       0.00033     18877.830  1.455900e-02

8 cases: 8 passed, 0 skipped, 0 failed
NREPS  ORD   UPLO      N    lda          TIME        MFLOPS         RESID
=====  ===  =====  =====  =====  ============  ============  ============
    1  Col  Upper    167    167       0.00109      4265.076  2.191962e+00
    1  Col  Lower    167    167       0.00053      8854.492  1.639375e+00
    1  Row  Upper    167    167       0.00062      7475.864  1.639375e+00
    1  Row  Lower    167    167       0.00070      6672.583  2.191962e+00

4 cases: 4 passed, 0 skipped, 0 failed
