
*******************************************************************************
*******************************************************************************
*******************************************************************************
*       BEGAN ATLAS3.10.2 INSTALL OF SECTION 2-4-7 ON 06/24/2015 AT 22:40     *
*******************************************************************************
*******************************************************************************
*******************************************************************************



make[2]: Entering directory `/home/jmb/Documents/codes/bem_ax/install/atlas-3.10.2/bld/bin'
cd /home/jmb/Documents/codes/bem_ax/install/atlas-3.10.2/bld/tune/blas/gemv ; make res/cMVTK.sum pre=c
make[3]: Entering directory `/home/jmb/Documents/codes/bem_ax/install/atlas-3.10.2/bld/tune/blas/gemv'
./xmvtksearch -p c

      Read in L1 Cache size as = 128KB.
   900002:cmvt_sse.c (M=2300, N=2000, lda=2303) gets 16390.83 MFLOPS
   3:ATL_cgemvT_8x4_avx.c (M=1024, N=16, lda=1032) gets 63776.45 MFLOPS
   900003:cmvt_sse.c (M=1024, N=16, lda=1032) gets 32812.52 MFLOPS
   2:ATL_cgemvT_8x4_sse3.c (M=1024, N=16, lda=1032) gets 14084.38 MFLOPS
   900002:cmvt_sse.c (M=1024, N=16, lda=1029) gets 15018.67 MFLOPS
   3:ATL_cgemvT_8x4_avx.c (M=1740, N=8, lda=1748) gets 32820.03 MFLOPS
   900003:cmvt_sse.c (M=1740, N=8, lda=1748) gets 16679.53 MFLOPS
   900002:cmvt_sse.c (M=1740, N=8, lda=1743) gets 15903.31 MFLOPS
   900002:cmvt_sse.c (M=2300, N=2000, lda=2303) gets 15143.48 MFLOPS
ID=900002 ROUT='cmvt_sse.c' AUTH='R. Clint Whaley' TA='T' KNAME='ATL_cmvtk__900002' \
   rankR=0 CacheElts=49152 SSE=3 alignA=0 alignY=16 alignX=16 minM=8 minN=4  \
   NU=4 MU=8 LDAMUL=0 PFTUNABLE=1 ALIGNX2A=0 ADDCFLAGS=0 GEMMBASED=0 AXPYBASED=0  \
   ALLALIGNXY=0 LDYTOP=0 FNU=1 X87=0  \
   MFLOP=1.639083e+04,-1.707968e+04  ASM=GAS_x8664 \
     CFLAGS='-x assembler-with-cpp -DPFIA=prefetcht1 -DPFIX=prefetcht1 -DPFIY=prefetchnta -DPFADIST=192 -DPFXDIST=320 -DPFYDIST=384' \
     COMP='gcc'
ID=3 ROUT='ATL_cgemvT_8x4_avx.c' AUTH='R. Clint Whaley' TA='T' KNAME='ATL_cmvtk__3' \
   rankR=3 CacheElts=49152 SSE=0 alignA=32 alignY=32 alignX=0 minM=0 minN=0  \
   NU=4 MU=8 LDAMUL=32 PFTUNABLE=0 ALIGNX2A=1 ADDCFLAGS=0 GEMMBASED=0 AXPYBASED=0  \
   ALLALIGNXY=0 LDYTOP=0 FNU=0 X87=0  \
   MFLOP=-1.545585e+04,-1.602974e+04,0.000000e+00,6.377645e+04,-4.805005e+04 \
     CFLAGS='-x assembler-with-cpp'  COMP='gcc'
ID=900003 ROUT='cmvt_sse.c' AUTH='R. Clint Whaley' TA='T' KNAME='ATL_cmvtk__900003' \
   rankR=2 CacheElts=49152 SSE=3 alignA=16 alignY=16 alignX=16 minM=8 minN=4  \
   NU=4 MU=8 LDAMUL=16 PFTUNABLE=1 ALIGNX2A=0 ADDCFLAGS=0 GEMMBASED=0 AXPYBASED=0  \
   ALLALIGNXY=0 LDYTOP=0 FNU=1 X87=0  \
   MFLOP=-1.465858e+04,-1.590170e+04,0.000000e+00,3.281252e+04,-2.936759e+04 \
     ASM=GAS_x8664 \
     CFLAGS='-x assembler-with-cpp -DPFIA=prefetchnta -DPFIX=prefetchnta -DPFADIST=128 -DPFXDIST=128 -DPFYDIST=768' \
     COMP='gcc'
ID=2 ROUT='ATL_cgemvT_8x4_sse3.c' AUTH='R. Clint Whaley' TA='T' KNAME='ATL_cmvtk__2' \
   rankR=1 CacheElts=49152 SSE=3 alignA=8 alignY=16 alignX=0 minM=9 minN=4  \
   NU=4 MU=8 LDAMUL=16 PFTUNABLE=1 ALIGNX2A=1 ADDCFLAGS=0 GEMMBASED=0 AXPYBASED=0  \
   ALLALIGNXY=0 LDYTOP=0 FNU=1 X87=0  \
   MFLOP=-1.465981e+04,-1.624151e+04,0.000000e+00,1.408438e+04,-2.941623e+04 \
     CFLAGS='-x assembler-with-cpp'  COMP='gcc'
ID=900002 ROUT='cmvt_sse.c' AUTH='R. Clint Whaley' TA='T' KNAME='ATL_cmvtk__900002' \
   rankR=0 CacheElts=49152 SSE=3 alignA=0 alignY=16 alignX=16 minM=8 minN=4  \
   NU=4 MU=8 LDAMUL=0 PFTUNABLE=1 ALIGNX2A=0 ADDCFLAGS=0 GEMMBASED=0 AXPYBASED=0  \
   ALLALIGNXY=0 LDYTOP=0 FNU=1 X87=0  \
   MFLOP=-1.442485e+04,-1.483211e+04,0.000000e+00,1.501867e+04,-2.834441e+04 \
     ASM=GAS_x8664 \
     CFLAGS='-x assembler-with-cpp -DPFIA=prefetcht0 -DPFIX=prefetcht1 -DPFIY=prefetchnta -DPFADIST=128 -DPFXDIST=512' \
     COMP='gcc'
ID=3 ROUT='ATL_cgemvT_8x4_avx.c' AUTH='R. Clint Whaley' TA='T' KNAME='ATL_cmvtk__3' \
   rankR=2 CacheElts=12124 SSE=0 alignA=32 alignY=32 alignX=0 minM=0 minN=0  \
   NU=4 MU=8 LDAMUL=32 PFTUNABLE=0 ALIGNX2A=1 ADDCFLAGS=0 GEMMBASED=0 AXPYBASED=0  \
   ALLALIGNXY=0 LDYTOP=0 FNU=0 X87=0  \
   MFLOP=-1.545585e+04,-1.602974e+04,0.000000e+00,0.000000e+00,3.282003e+04 \
     CFLAGS='-x assembler-with-cpp'  COMP='gcc'
ID=900003 ROUT='cmvt_sse.c' AUTH='R. Clint Whaley' TA='T' KNAME='ATL_cmvtk__900003' \
   rankR=1 CacheElts=12124 SSE=3 alignA=16 alignY=16 alignX=16 minM=8 minN=4  \
   NU=4 MU=8 LDAMUL=16 PFTUNABLE=1 ALIGNX2A=0 ADDCFLAGS=0 GEMMBASED=0 AXPYBASED=0  \
   ALLALIGNXY=0 LDYTOP=0 FNU=1 X87=0  \
   MFLOP=-1.465858e+04,-1.590170e+04,0.000000e+00,0.000000e+00,1.667953e+04 \
     ASM=GAS_x8664  CFLAGS='-x assembler-with-cpp'  COMP='gcc'
ID=900002 ROUT='cmvt_sse.c' AUTH='R. Clint Whaley' TA='T' KNAME='ATL_cmvtk__900002' \
   rankR=0 CacheElts=12124 SSE=3 alignA=0 alignY=16 alignX=16 minM=8 minN=4  \
   NU=4 MU=8 LDAMUL=0 PFTUNABLE=1 ALIGNX2A=0 ADDCFLAGS=0 GEMMBASED=0 AXPYBASED=0  \
   ALLALIGNXY=0 LDYTOP=0 FNU=1 X87=0  \
   MFLOP=-1.442485e+04,-1.483211e+04,0.000000e+00,0.000000e+00,1.590331e+04 \
     ASM=GAS_x8664 \
     CFLAGS='-x assembler-with-cpp -DPFIA=prefetcht2 -DPFIX=prefetcht2 -DPFIY=prefetcht2 -DPFADIST=0 -DPFXDIST=128 -DPFYDIST=1024' \
     COMP='gcc'
ID=900002 ROUT='cmvt_sse.c' AUTH='R. Clint Whaley' TA='T' KNAME='ATL_cmvtk__900002' \
   rankR=0 CacheElts=12124 SSE=3 alignA=0 alignY=16 alignX=16 minM=8 minN=4  \
   NU=4 MU=8 LDAMUL=0 PFTUNABLE=1 ALIGNX2A=0 ADDCFLAGS=0 GEMMBASED=0 AXPYBASED=0  \
   ALLALIGNXY=0 LDYTOP=0 FNU=1 X87=0  \
   MFLOP=1.514348e+04,-1.730678e+04  ASM=GAS_x8664 \
     CFLAGS='-x assembler-with-cpp -DPFIA=prefetcht1 -DPFIX=prefetcht2 -DPFIY=prefetchnta -DPFADIST=512 -DPFXDIST=0 -DPFYDIST=256' \
     COMP='gcc'
make cmvtinstall
make[4]: Entering directory `/home/jmb/Documents/codes/bem_ax/install/atlas-3.10.2/bld/tune/blas/gemv'
mkdir cmvtoutd
rm -f cmvtoutd/*
if [ -s "/home/jmb/Documents/codes/bem_ax/install/atlas-3.10.2/bld/src/blas/gemv/Make_cmvt" ]; then \
           cd  /home/jmb/Documents/codes/bem_ax/install/atlas-3.10.2/bld/src/blas/gemv ; make -f Make_cmvt killall ; \
           rm -f /home/jmb/Documents/codes/bem_ax/install/atlas-3.10.2/bld/src/blas/gemv/Make_cmvt ; \
        fi
./xmvthgen -p c -F res/cMVTK.sum -d cmvtoutd
make[5]: Entering directory `/home/jmb/Documents/codes/bem_ax/install/atlas-3.10.2/bld/tune/blas/gemv'
/home/jmb/Documents/codes/bem_ax/install/atlas-3.10.2/bld/bin/xextract -b /home/jmb/Documents/codes/bem_ax/install/atlas-3.10.2/bld/../src//tune/blas/gemv/atlas-l2g.base order=clmajor \
                           rout=mvt_sse nu=4 type=SCPLX -def MU 1 \
                            -o EXTDIR/cmvt_sse.c
make[5]: Leaving directory `/home/jmb/Documents/codes/bem_ax/install/atlas-3.10.2/bld/tune/blas/gemv'
make[5]: Entering directory `/home/jmb/Documents/codes/bem_ax/install/atlas-3.10.2/bld/tune/blas/gemv'
/home/jmb/Documents/codes/bem_ax/install/atlas-3.10.2/bld/bin/xextract -b /home/jmb/Documents/codes/bem_ax/install/atlas-3.10.2/bld/../src//tune/blas/gemv/atlas-l2g.base order=clmajor \
                           rout=mvt_sse nu=4 type=SCPLX -def MU 1 \
                           -def ALIGNED 1 -o EXTDIR/cmvt_sse.c
make[5]: Leaving directory `/home/jmb/Documents/codes/bem_ax/install/atlas-3.10.2/bld/tune/blas/gemv'
cp -f cmvtoutd/Make_cmvt /home/jmb/Documents/codes/bem_ax/install/atlas-3.10.2/bld/src/blas/gemv/.
cp cmvtoutd/*.c /home/jmb/Documents/codes/bem_ax/install/atlas-3.10.2/bld/src/blas/gemv/.
cp -f cmvtoutd/*.h /home/jmb/Documents/codes/bem_ax/install/atlas-3.10.2/bld/include/.
if [ -s "xccobj.exe" ] ; then \
	   cp -f xccobj.exe /home/jmb/Documents/codes/bem_ax/install/atlas-3.10.2/bld/src/blas/gemv/. ; \
	elif [ -s "xccobj" ]; then \
           cp -f xccobj /home/jmb/Documents/codes/bem_ax/install/atlas-3.10.2/bld/src/blas/gemv/. ; \
        fi
touch /home/jmb/Documents/codes/bem_ax/install/atlas-3.10.2/bld/../src//include/atlas_mv.h
rm -f cmvtoutd/* ; rmdir cmvtoutd
make[4]: Leaving directory `/home/jmb/Documents/codes/bem_ax/install/atlas-3.10.2/bld/tune/blas/gemv'
make[3]: Leaving directory `/home/jmb/Documents/codes/bem_ax/install/atlas-3.10.2/bld/tune/blas/gemv'
cp /home/jmb/Documents/codes/bem_ax/install/atlas-3.10.2/bld/tune/blas/gemv/res/cMVTK.sum INSTALL_LOG/.
make[2]: Leaving directory `/home/jmb/Documents/codes/bem_ax/install/atlas-3.10.2/bld/bin'

*******************************************************************************
*******************************************************************************
*******************************************************************************
*      FINISHED ATLAS3.10.2 INSTALL OF SECTION 2-4-7 ON 06/24/2015 AT 22:40   *
*******************************************************************************
*******************************************************************************
*******************************************************************************



