
*******************************************************************************
*******************************************************************************
*******************************************************************************
*       BEGAN ATLAS3.10.2 INSTALL OF SECTION 2-1-7 ON 06/24/2015 AT 22:38     *
*******************************************************************************
*******************************************************************************
*******************************************************************************



make[2]: Entering directory `/home/jmb/Documents/codes/bem_ax/install/atlas-3.10.2/bld/bin'
cd /home/jmb/Documents/codes/bem_ax/install/atlas-3.10.2/bld/tune/blas/gemv ; make res/dMVNK.sum pre=d
make[3]: Entering directory `/home/jmb/Documents/codes/bem_ax/install/atlas-3.10.2/bld/tune/blas/gemv'
/usr/bin/gcc-4.8 -c -DL2SIZE=4194304 -I/home/jmb/Documents/codes/bem_ax/install/atlas-3.10.2/bld/include -I/home/jmb/Documents/codes/bem_ax/install/atlas-3.10.2/bld/../src//include -I/home/jmb/Documents/codes/bem_ax/install/atlas-3.10.2/bld/../src//include/contrib -DAdd_ -DF77_INTEGER=int -DStringSunStyle -DATL_OS_Linux -DATL_ARCH_Corei3 -DATL_CPUMHZ=3936 -DATL_AVXMAC -DATL_AVX -DATL_SSE3 -DATL_SSE2 -DATL_SSE1 -DATL_USE64BITS -DATL_GAS_x8664 -m64 -DATL_FULL_LAPACK -DATL_NCPU=8 -fomit-frame-pointer -mfpmath=sse -O2 -m64 -o mvnksearch.o /home/jmb/Documents/codes/bem_ax/install/atlas-3.10.2/bld/../src//tune/blas/gemv/mvnksearch.c
/usr/bin/gcc-4.8 -DL2SIZE=4194304 -I/home/jmb/Documents/codes/bem_ax/install/atlas-3.10.2/bld/include -I/home/jmb/Documents/codes/bem_ax/install/atlas-3.10.2/bld/../src//include -I/home/jmb/Documents/codes/bem_ax/install/atlas-3.10.2/bld/../src//include/contrib -DAdd_ -DF77_INTEGER=int -DStringSunStyle -DATL_OS_Linux -DATL_ARCH_Corei3 -DATL_CPUMHZ=3936 -DATL_AVXMAC -DATL_AVX -DATL_SSE3 -DATL_SSE2 -DATL_SSE1 -DATL_USE64BITS -DATL_GAS_x8664 -m64 -DATL_FULL_LAPACK -DATL_NCPU=8 -fomit-frame-pointer -mfpmath=sse -O2 -m64 -o xmvnksearch mvnksearch.o
mvnksearch.o: In function `TimeMVKernel':
mvnksearch.c:(.text+0x1b48): warning: the use of `tmpnam' is dangerous, better use `mkstemp'
./xmvnksearch -p d
make[4]: Entering directory `/home/jmb/Documents/codes/bem_ax/install/atlas-3.10.2/bld/tune/blas/gemv'
cd /home/jmb/Documents/codes/bem_ax/install/atlas-3.10.2/bld/tune/sysinfo ; make res/L1CacheSize
make[5]: Entering directory `/home/jmb/Documents/codes/bem_ax/install/atlas-3.10.2/bld/tune/sysinfo'
make[5]: `res/L1CacheSize' is up to date.
make[5]: Leaving directory `/home/jmb/Documents/codes/bem_ax/install/atlas-3.10.2/bld/tune/sysinfo'
ln -s /home/jmb/Documents/codes/bem_ax/install/atlas-3.10.2/bld/tune/sysinfo/res/L1CacheSize res/L1CacheSize
make[4]: Leaving directory `/home/jmb/Documents/codes/bem_ax/install/atlas-3.10.2/bld/tune/blas/gemv'

      Read in L1 Cache size as = 128KB.
   900001:dmvn_C.c (M=2300, N=2000, lda=2303) gets 3788.51 MFLOPS
   900003:dmvn_sse.c (M=910, N=18, lda=918) gets 8129.33 MFLOPS
   900002:dmvn_sse.c (M=910, N=18, lda=917) gets 7880.84 MFLOPS
   900006:dmvn_sse.c (M=1740, N=8, lda=1748) gets 7508.49 MFLOPS
   900005:dmvn_sse.c (M=1740, N=8, lda=1743) gets 7874.28 MFLOPS
   900001:dmvn_C.c (M=2300, N=2000, lda=2303) gets 4160.17 MFLOPS
ID=900001 ROUT='dmvn_C.c' AUTH='R. Clint Whaley' TA='N' KNAME='ATL_dmvnk__900001' \
   rankR=0 CacheElts=122880 SSE=0 alignA=0 alignY=0 alignX=0 minM=8 minN=4  \
   NU=4 MU=8 LDAMUL=0 PFTUNABLE=1 ALIGNX2A=0 ADDCFLAGS=0 GEMMBASED=0 AXPYBASED=1  \
   ALLALIGNXY=0 LDYTOP=0 FNU=1 X87=0  \
   MFLOP=3.788514e+03,-3.935280e+03 \
     CFLAGS='-fomit-frame-pointer -mfpmath=sse -O2 -mavx2 -mfma -g -m64 -DPFIA=prefetcht2 -DPFIX=prefetcht0 -DPFIY=prefetchnta -DPFADIST=0 -DPFXDIST=128'
ID=900003 ROUT='dmvn_sse.c' AUTH='R. Clint Whaley' TA='N' KNAME='ATL_dmvnk__900003' \
   rankR=1 CacheElts=122880 SSE=3 alignA=16 alignY=16 alignX=16 minM=8  \
   minN=6 NU=6 MU=8 LDAMUL=16 PFTUNABLE=1 ALIGNX2A=0 ADDCFLAGS=0 GEMMBASED=0  \
   AXPYBASED=1 ALLALIGNXY=0 LDYTOP=0 FNU=1 X87=0  \
   MFLOP=-3.475233e+03,-3.911566e+03,0.000000e+00,8.129333e+03,-1.130793e+04 \
     ASM=GAS_x8664 \
     CFLAGS='-x assembler-with-cpp -DPFIA=prefetchnta -DPFIY=prefetchnta -DPFADIST=128 -DPFXDIST=192 -DPFYDIST=0' \
     COMP='gcc'
ID=900002 ROUT='dmvn_sse.c' AUTH='R. Clint Whaley' TA='N' KNAME='ATL_dmvnk__900002' \
   rankR=0 CacheElts=122880 SSE=3 alignA=0 alignY=16 alignX=16 minM=8 minN=6  \
   NU=6 MU=8 LDAMUL=0 PFTUNABLE=1 ALIGNX2A=0 ADDCFLAGS=0 GEMMBASED=0 AXPYBASED=1  \
   ALLALIGNXY=0 LDYTOP=0 FNU=1 X87=0  \
   MFLOP=-3.479277e+03,-3.668013e+03,0.000000e+00,7.880838e+03,-1.058615e+04 \
     ASM=GAS_x8664 \
     CFLAGS='-x assembler-with-cpp -DPFIA=prefetcht0 -DPFIY=prefetcht0 -DPFADIST=128 -DPFXDIST=320 -DPFYDIST=384' \
     COMP='gcc'
ID=900006 ROUT='dmvn_sse.c' AUTH='R. Clint Whaley' TA='N' KNAME='ATL_dmvnk__900006' \
   rankR=1 CacheElts=13762 SSE=3 alignA=16 alignY=16 alignX=16 minM=8 minN=8  \
   NU=8 MU=8 LDAMUL=16 PFTUNABLE=1 ALIGNX2A=0 ADDCFLAGS=0 GEMMBASED=0 AXPYBASED=1  \
   ALLALIGNXY=0 LDYTOP=0 FNU=1 X87=0  \
   MFLOP=-3.356916e+03,-3.975505e+03,0.000000e+00,0.000000e+00,7.508486e+03 \
     ASM=GAS_x8664 \
     CFLAGS='-x assembler-with-cpp -DPFIA=prefetchnta -DPFIY=prefetcht2 -DPFADIST=0 -DPFXDIST=0 -DPFYDIST=192' \
     COMP='gcc'
ID=900005 ROUT='dmvn_sse.c' AUTH='R. Clint Whaley' TA='N' KNAME='ATL_dmvnk__900005' \
   rankR=0 CacheElts=13762 SSE=3 alignA=0 alignY=16 alignX=16 minM=8 minN=8  \
   NU=8 MU=8 LDAMUL=0 PFTUNABLE=1 ALIGNX2A=0 ADDCFLAGS=0 GEMMBASED=0 AXPYBASED=1  \
   ALLALIGNXY=0 LDYTOP=0 FNU=1 X87=0  \
   MFLOP=0.000000e+00,0.000000e+00,0.000000e+00,0.000000e+00,7.874276e+03 \
     ASM=GAS_x8664 \
     CFLAGS='-x assembler-with-cpp -DPFIA=prefetchnta -DPFIX=prefetchnta -DPFIY=prefetcht1 -DPFADIST=128 -DPFXDIST=128' \
     COMP='gcc'
ID=900001 ROUT='dmvn_C.c' AUTH='R. Clint Whaley' TA='N' KNAME='ATL_dmvnk__900001' \
   rankR=0 CacheElts=13762 SSE=0 alignA=0 alignY=0 alignX=0 minM=8 minN=4  \
   NU=4 MU=8 LDAMUL=0 PFTUNABLE=1 ALIGNX2A=0 ADDCFLAGS=0 GEMMBASED=0 AXPYBASED=1  \
   ALLALIGNXY=0 LDYTOP=0 FNU=1 X87=0  \
   MFLOP=4.160172e+03,-4.120282e+03 \
     CFLAGS='-fomit-frame-pointer -mfpmath=sse -O2 -mavx2 -mfma -g -m64 -DPFIA=prefetcht0 -DPFIX=prefetcht0 -DPFADIST=0 -DPFXDIST=0 -DPFYDIST=0'
make dmvninstall
make[4]: Entering directory `/home/jmb/Documents/codes/bem_ax/install/atlas-3.10.2/bld/tune/blas/gemv'
cp: cannot stat ‘/home/jmb/Documents/codes/bem_ax/install/atlas-3.10.2/bld/bin/xccobj.exe’: No such file or directory
make[4]: [xccobj] Error 1 (ignored)
mkdir dmvnoutd
rm -f dmvnoutd/*
if [ -s "/home/jmb/Documents/codes/bem_ax/install/atlas-3.10.2/bld/src/blas/gemv/Make_dmvn" ]; then \
           cd  /home/jmb/Documents/codes/bem_ax/install/atlas-3.10.2/bld/src/blas/gemv ; make -f Make_dmvn killall ; \
           rm -f /home/jmb/Documents/codes/bem_ax/install/atlas-3.10.2/bld/src/blas/gemv/Make_dmvn ; \
        fi
./xmvnhgen -p d -F res/dMVNK.sum -d dmvnoutd
make[5]: Entering directory `/home/jmb/Documents/codes/bem_ax/install/atlas-3.10.2/bld/tune/blas/gemv'
/home/jmb/Documents/codes/bem_ax/install/atlas-3.10.2/bld/bin/xextract -b /home/jmb/Documents/codes/bem_ax/install/atlas-3.10.2/bld/../src//tune/blas/gemv/atlas-l2g.base -langC \
                           order=clmajor rout=mvn_C nu=4 type=DREAL \
                           -def MU 8  -o EXTDIR/dmvn_C.c
make[5]: Leaving directory `/home/jmb/Documents/codes/bem_ax/install/atlas-3.10.2/bld/tune/blas/gemv'
make[5]: Entering directory `/home/jmb/Documents/codes/bem_ax/install/atlas-3.10.2/bld/tune/blas/gemv'
/home/jmb/Documents/codes/bem_ax/install/atlas-3.10.2/bld/bin/xextract -b /home/jmb/Documents/codes/bem_ax/install/atlas-3.10.2/bld/../src//tune/blas/gemv/atlas-l2g.base order=clmajor \
                           rout=mvn_sse nu=6 type=DREAL -def MU 1 \
                           -def ALIGNED 1 -o EXTDIR/dmvn_sse.c
make[5]: Leaving directory `/home/jmb/Documents/codes/bem_ax/install/atlas-3.10.2/bld/tune/blas/gemv'
make[5]: Entering directory `/home/jmb/Documents/codes/bem_ax/install/atlas-3.10.2/bld/tune/blas/gemv'
/home/jmb/Documents/codes/bem_ax/install/atlas-3.10.2/bld/bin/xextract -b /home/jmb/Documents/codes/bem_ax/install/atlas-3.10.2/bld/../src//tune/blas/gemv/atlas-l2g.base order=clmajor \
                           rout=mvn_sse nu=6 type=DREAL -def MU 1 \
                            -o EXTDIR/dmvn_sse.c
make[5]: Leaving directory `/home/jmb/Documents/codes/bem_ax/install/atlas-3.10.2/bld/tune/blas/gemv'
make[5]: Entering directory `/home/jmb/Documents/codes/bem_ax/install/atlas-3.10.2/bld/tune/blas/gemv'
/home/jmb/Documents/codes/bem_ax/install/atlas-3.10.2/bld/bin/xextract -b /home/jmb/Documents/codes/bem_ax/install/atlas-3.10.2/bld/../src//tune/blas/gemv/atlas-l2g.base order=clmajor \
                           rout=mvn_sse nu=8 type=DREAL -def MU 1 \
                           -def ALIGNED 1 -o EXTDIR/dmvn_sse.c
make[5]: Leaving directory `/home/jmb/Documents/codes/bem_ax/install/atlas-3.10.2/bld/tune/blas/gemv'
make[5]: Entering directory `/home/jmb/Documents/codes/bem_ax/install/atlas-3.10.2/bld/tune/blas/gemv'
/home/jmb/Documents/codes/bem_ax/install/atlas-3.10.2/bld/bin/xextract -b /home/jmb/Documents/codes/bem_ax/install/atlas-3.10.2/bld/../src//tune/blas/gemv/atlas-l2g.base order=clmajor \
                           rout=mvn_sse nu=8 type=DREAL -def MU 1 \
                            -o EXTDIR/dmvn_sse.c
make[5]: Leaving directory `/home/jmb/Documents/codes/bem_ax/install/atlas-3.10.2/bld/tune/blas/gemv'
cp -f dmvnoutd/Make_dmvn /home/jmb/Documents/codes/bem_ax/install/atlas-3.10.2/bld/src/blas/gemv/.
cp dmvnoutd/*.c /home/jmb/Documents/codes/bem_ax/install/atlas-3.10.2/bld/src/blas/gemv/.
cp -f dmvnoutd/*.h /home/jmb/Documents/codes/bem_ax/install/atlas-3.10.2/bld/include/.
if [ -s "xccobj.exe" ] ; then \
	   cp -f xccobj.exe /home/jmb/Documents/codes/bem_ax/install/atlas-3.10.2/bld/src/blas/gemv/. ; \
	elif [ -s "xccobj" ]; then \
           cp -f xccobj /home/jmb/Documents/codes/bem_ax/install/atlas-3.10.2/bld/src/blas/gemv/. ; \
        fi
touch /home/jmb/Documents/codes/bem_ax/install/atlas-3.10.2/bld/../src//include/atlas_mv.h
rm -f dmvnoutd/* ; rmdir dmvnoutd
make[4]: Leaving directory `/home/jmb/Documents/codes/bem_ax/install/atlas-3.10.2/bld/tune/blas/gemv'
make[3]: Leaving directory `/home/jmb/Documents/codes/bem_ax/install/atlas-3.10.2/bld/tune/blas/gemv'
cp /home/jmb/Documents/codes/bem_ax/install/atlas-3.10.2/bld/tune/blas/gemv/res/dMVNK.sum INSTALL_LOG/.
make[2]: Leaving directory `/home/jmb/Documents/codes/bem_ax/install/atlas-3.10.2/bld/bin'

*******************************************************************************
*******************************************************************************
*******************************************************************************
*      FINISHED ATLAS3.10.2 INSTALL OF SECTION 2-1-7 ON 06/24/2015 AT 22:38   *
*******************************************************************************
*******************************************************************************
*******************************************************************************



