
*******************************************************************************
*******************************************************************************
*******************************************************************************
*       BEGAN ATLAS3.10.2 INSTALL OF SECTION 2-2-7 ON 06/24/2015 AT 22:38     *
*******************************************************************************
*******************************************************************************
*******************************************************************************



make[2]: Entering directory `/home/jmb/Documents/codes/bem_ax/install/atlas-3.10.2/bld/bin'
cd /home/jmb/Documents/codes/bem_ax/install/atlas-3.10.2/bld/tune/blas/gemv ; make res/sMVTK.sum pre=s
make[3]: Entering directory `/home/jmb/Documents/codes/bem_ax/install/atlas-3.10.2/bld/tune/blas/gemv'
./xmvtksearch -p s

      Read in L1 Cache size as = 128KB.
   900002:smvt_sse.c (M=3000, N=2000, lda=3003) gets 8061.11 MFLOPS
   900009:smvt_sse.c (M=1365, N=24, lda=1376) gets 14257.62 MFLOPS
   900006:smvt_sse.c (M=2048, N=16, lda=2056) gets 14938.15 MFLOPS
   900008:smvt_sse.c (M=1365, N=24, lda=1372) gets 11243.96 MFLOPS
   900009:smvt_sse.c (M=2321, N=12, lda=2332) gets 15756.14 MFLOPS
   900006:smvt_sse.c (M=3481, N=8, lda=3492) gets 15564.92 MFLOPS
   900005:smvt_sse.c (M=3481, N=8, lda=3486) gets 14020.40 MFLOPS
   900002:smvt_sse.c (M=3000, N=2000, lda=3003) gets 7345.78 MFLOPS
ID=900002 ROUT='smvt_sse.c' AUTH='R. Clint Whaley' TA='T' KNAME='ATL_smvtk__900002' \
   rankR=0 CacheElts=245760 SSE=3 alignA=0 alignY=16 alignX=16 minM=32  \
   minN=2 NU=2 MU=32 LDAMUL=0 PFTUNABLE=1 ALIGNX2A=0 ADDCFLAGS=0 GEMMBASED=0  \
   AXPYBASED=0 ALLALIGNXY=0 LDYTOP=0 FNU=1 X87=0  \
   MFLOP=8.061115e+03,-8.199603e+03  ASM=GAS_x8664 \
     CFLAGS='-x assembler-with-cpp -DPFIA=prefetcht0 -DPFIX=prefetcht0 -DPFIY=prefetchnta -DPFADIST=832 -DPFXDIST=512 -DPFYDIST=0' \
     COMP='gcc'
ID=900009 ROUT='smvt_sse.c' AUTH='R. Clint Whaley' TA='T' KNAME='ATL_smvtk__900009' \
   rankR=2 CacheElts=245760 SSE=3 alignA=16 alignY=16 alignX=16 minM=16  \
   minN=12 NU=12 MU=16 LDAMUL=16 PFTUNABLE=1 ALIGNX2A=0 ADDCFLAGS=0 GEMMBASED=0  \
   AXPYBASED=0 ALLALIGNXY=0 LDYTOP=0 FNU=1 X87=0  \
   MFLOP=-6.452974e+03,-7.420720e+03,0.000000e+00,1.425762e+04,-2.401697e+04 \
     ASM=GAS_x8664 \
     CFLAGS='-x assembler-with-cpp -DPFIA=prefetcht0 -DPFIY=prefetcht1 -DPFADIST=0 -DPFXDIST=0 -DPFYDIST=128' \
     COMP='gcc'
ID=900006 ROUT='smvt_sse.c' AUTH='R. Clint Whaley' TA='T' KNAME='ATL_smvtk__900006' \
   rankR=1 CacheElts=245760 SSE=3 alignA=16 alignY=16 alignX=16 minM=16  \
   minN=8 NU=8 MU=16 LDAMUL=16 PFTUNABLE=1 ALIGNX2A=0 ADDCFLAGS=0 GEMMBASED=0  \
   AXPYBASED=0 ALLALIGNXY=0 LDYTOP=0 FNU=1 X87=0  \
   MFLOP=-6.785737e+03,-7.615460e+03,0.000000e+00,1.493815e+04,-2.442447e+04 \
     ASM=GAS_x8664  CFLAGS='-x assembler-with-cpp'  COMP='gcc'
ID=900008 ROUT='smvt_sse.c' AUTH='R. Clint Whaley' TA='T' KNAME='ATL_smvtk__900008' \
   rankR=0 CacheElts=245760 SSE=3 alignA=0 alignY=16 alignX=16 minM=16  \
   minN=12 NU=12 MU=16 LDAMUL=0 PFTUNABLE=1 ALIGNX2A=0 ADDCFLAGS=0 GEMMBASED=0  \
   AXPYBASED=0 ALLALIGNXY=0 LDYTOP=0 FNU=1 X87=0  \
   MFLOP=0.000000e+00,0.000000e+00,0.000000e+00,1.124396e+04,-2.219050e+04 \
     ASM=GAS_x8664 \
     CFLAGS='-x assembler-with-cpp -DPFIA=prefetchnta -DPFIX=prefetcht0 -DPFIY=prefetchnta -DPFADIST=0 -DPFXDIST=384 -DPFYDIST=0' \
     COMP='gcc'
ID=900009 ROUT='smvt_sse.c' AUTH='R. Clint Whaley' TA='T' KNAME='ATL_smvtk__900009' \
   rankR=2 CacheElts=20316 SSE=3 alignA=16 alignY=16 alignX=16 minM=16  \
   minN=12 NU=12 MU=16 LDAMUL=16 PFTUNABLE=1 ALIGNX2A=0 ADDCFLAGS=0 GEMMBASED=0  \
   AXPYBASED=0 ALLALIGNXY=0 LDYTOP=0 FNU=1 X87=0  \
   MFLOP=-6.452974e+03,-7.420720e+03,0.000000e+00,-2.070926e+04,1.575614e+04 \
     ASM=GAS_x8664  CFLAGS='-x assembler-with-cpp'  COMP='gcc'
ID=900006 ROUT='smvt_sse.c' AUTH='R. Clint Whaley' TA='T' KNAME='ATL_smvtk__900006' \
   rankR=1 CacheElts=20316 SSE=3 alignA=16 alignY=16 alignX=16 minM=16  \
   minN=8 NU=8 MU=16 LDAMUL=16 PFTUNABLE=1 ALIGNX2A=0 ADDCFLAGS=0 GEMMBASED=0  \
   AXPYBASED=0 ALLALIGNXY=0 LDYTOP=0 FNU=1 X87=0  \
   MFLOP=-6.785737e+03,-7.615460e+03,0.000000e+00,0.000000e+00,1.556492e+04 \
     ASM=GAS_x8664 \
     CFLAGS='-x assembler-with-cpp -DPFIY=prefetcht0 -DPFADIST=0 -DPFXDIST=192 -DPFYDIST=512' \
     COMP='gcc'
ID=900005 ROUT='smvt_sse.c' AUTH='R. Clint Whaley' TA='T' KNAME='ATL_smvtk__900005' \
   rankR=0 CacheElts=20316 SSE=3 alignA=0 alignY=16 alignX=16 minM=16 minN=8  \
   NU=8 MU=16 LDAMUL=0 PFTUNABLE=1 ALIGNX2A=0 ADDCFLAGS=0 GEMMBASED=0 AXPYBASED=0  \
   ALLALIGNXY=0 LDYTOP=0 FNU=1 X87=0  \
   MFLOP=0.000000e+00,0.000000e+00,0.000000e+00,0.000000e+00,1.402040e+04 \
     ASM=GAS_x8664 \
     CFLAGS='-x assembler-with-cpp -DPFIX=prefetcht2 -DPFIY=prefetcht2 -DPFADIST=128 -DPFXDIST=0 -DPFYDIST=192' \
     COMP='gcc'
ID=900002 ROUT='smvt_sse.c' AUTH='R. Clint Whaley' TA='T' KNAME='ATL_smvtk__900002' \
   rankR=0 CacheElts=20316 SSE=3 alignA=0 alignY=16 alignX=16 minM=32 minN=2  \
   NU=2 MU=32 LDAMUL=0 PFTUNABLE=1 ALIGNX2A=0 ADDCFLAGS=0 GEMMBASED=0 AXPYBASED=0  \
   ALLALIGNXY=0 LDYTOP=0 FNU=1 X87=0  \
   MFLOP=7.345777e+03,-8.024977e+03  ASM=GAS_x8664 \
     CFLAGS='-x assembler-with-cpp -DPFIX=prefetcht1 -DPFADIST=0 -DPFYDIST=320' \
     COMP='gcc'
make smvtinstall
make[4]: Entering directory `/home/jmb/Documents/codes/bem_ax/install/atlas-3.10.2/bld/tune/blas/gemv'
mkdir smvtoutd
rm -f smvtoutd/*
if [ -s "/home/jmb/Documents/codes/bem_ax/install/atlas-3.10.2/bld/src/blas/gemv/Make_smvt" ]; then \
           cd  /home/jmb/Documents/codes/bem_ax/install/atlas-3.10.2/bld/src/blas/gemv ; make -f Make_smvt killall ; \
           rm -f /home/jmb/Documents/codes/bem_ax/install/atlas-3.10.2/bld/src/blas/gemv/Make_smvt ; \
        fi
./xmvthgen -p s -F res/sMVTK.sum -d smvtoutd
make[5]: Entering directory `/home/jmb/Documents/codes/bem_ax/install/atlas-3.10.2/bld/tune/blas/gemv'
/home/jmb/Documents/codes/bem_ax/install/atlas-3.10.2/bld/bin/xextract -b /home/jmb/Documents/codes/bem_ax/install/atlas-3.10.2/bld/../src//tune/blas/gemv/atlas-l2g.base order=clmajor \
                           rout=mvt_sse nu=2 type=SREAL -def MU 2 \
                            -o EXTDIR/smvt_sse.c
make[5]: Leaving directory `/home/jmb/Documents/codes/bem_ax/install/atlas-3.10.2/bld/tune/blas/gemv'
make[5]: Entering directory `/home/jmb/Documents/codes/bem_ax/install/atlas-3.10.2/bld/tune/blas/gemv'
/home/jmb/Documents/codes/bem_ax/install/atlas-3.10.2/bld/bin/xextract -b /home/jmb/Documents/codes/bem_ax/install/atlas-3.10.2/bld/../src//tune/blas/gemv/atlas-l2g.base order=clmajor \
                           rout=mvt_sse nu=12 type=SREAL -def MU 1 \
                           -def ALIGNED 1 -o EXTDIR/smvt_sse.c
make[5]: Leaving directory `/home/jmb/Documents/codes/bem_ax/install/atlas-3.10.2/bld/tune/blas/gemv'
make[5]: Entering directory `/home/jmb/Documents/codes/bem_ax/install/atlas-3.10.2/bld/tune/blas/gemv'
/home/jmb/Documents/codes/bem_ax/install/atlas-3.10.2/bld/bin/xextract -b /home/jmb/Documents/codes/bem_ax/install/atlas-3.10.2/bld/../src//tune/blas/gemv/atlas-l2g.base order=clmajor \
                           rout=mvt_sse nu=8 type=SREAL -def MU 1 \
                           -def ALIGNED 1 -o EXTDIR/smvt_sse.c
make[5]: Leaving directory `/home/jmb/Documents/codes/bem_ax/install/atlas-3.10.2/bld/tune/blas/gemv'
make[5]: Entering directory `/home/jmb/Documents/codes/bem_ax/install/atlas-3.10.2/bld/tune/blas/gemv'
/home/jmb/Documents/codes/bem_ax/install/atlas-3.10.2/bld/bin/xextract -b /home/jmb/Documents/codes/bem_ax/install/atlas-3.10.2/bld/../src//tune/blas/gemv/atlas-l2g.base order=clmajor \
                           rout=mvt_sse nu=12 type=SREAL -def MU 1 \
                            -o EXTDIR/smvt_sse.c
make[5]: Leaving directory `/home/jmb/Documents/codes/bem_ax/install/atlas-3.10.2/bld/tune/blas/gemv'
make[5]: Entering directory `/home/jmb/Documents/codes/bem_ax/install/atlas-3.10.2/bld/tune/blas/gemv'
/home/jmb/Documents/codes/bem_ax/install/atlas-3.10.2/bld/bin/xextract -b /home/jmb/Documents/codes/bem_ax/install/atlas-3.10.2/bld/../src//tune/blas/gemv/atlas-l2g.base order=clmajor \
                           rout=mvt_sse nu=8 type=SREAL -def MU 1 \
                            -o EXTDIR/smvt_sse.c
make[5]: Leaving directory `/home/jmb/Documents/codes/bem_ax/install/atlas-3.10.2/bld/tune/blas/gemv'
cp -f smvtoutd/Make_smvt /home/jmb/Documents/codes/bem_ax/install/atlas-3.10.2/bld/src/blas/gemv/.
cp smvtoutd/*.c /home/jmb/Documents/codes/bem_ax/install/atlas-3.10.2/bld/src/blas/gemv/.
cp -f smvtoutd/*.h /home/jmb/Documents/codes/bem_ax/install/atlas-3.10.2/bld/include/.
if [ -s "xccobj.exe" ] ; then \
	   cp -f xccobj.exe /home/jmb/Documents/codes/bem_ax/install/atlas-3.10.2/bld/src/blas/gemv/. ; \
	elif [ -s "xccobj" ]; then \
           cp -f xccobj /home/jmb/Documents/codes/bem_ax/install/atlas-3.10.2/bld/src/blas/gemv/. ; \
        fi
touch /home/jmb/Documents/codes/bem_ax/install/atlas-3.10.2/bld/../src//include/atlas_mv.h
rm -f smvtoutd/* ; rmdir smvtoutd
make[4]: Leaving directory `/home/jmb/Documents/codes/bem_ax/install/atlas-3.10.2/bld/tune/blas/gemv'
make[3]: Leaving directory `/home/jmb/Documents/codes/bem_ax/install/atlas-3.10.2/bld/tune/blas/gemv'
cp /home/jmb/Documents/codes/bem_ax/install/atlas-3.10.2/bld/tune/blas/gemv/res/sMVTK.sum INSTALL_LOG/.
make[2]: Leaving directory `/home/jmb/Documents/codes/bem_ax/install/atlas-3.10.2/bld/bin'

*******************************************************************************
*******************************************************************************
*******************************************************************************
*      FINISHED ATLAS3.10.2 INSTALL OF SECTION 2-2-7 ON 06/24/2015 AT 22:38   *
*******************************************************************************
*******************************************************************************
*******************************************************************************



