
*******************************************************************************
*******************************************************************************
*******************************************************************************
*       BEGAN ATLAS3.10.2 INSTALL OF SECTION 0-0-0 ON 06/24/2015 AT 16:06     *
*******************************************************************************
*******************************************************************************
*******************************************************************************





BEGIN STAGE 1-0-0: SYSTEM PROBE/AUX COMPILE at 16:06
   Level 1 cache size calculated as 32KB.

   dFPU: Separate multiply and add instructions with 5 cycle pipeline.
         Apparent number of registers : 23
         Register-register performance=7277.95MFLOPS
   sFPU: Separate multiply and add instructions with 5 cycle pipeline.
         Apparent number of registers : 19
         Register-register performance=7277.95MFLOPS
DONE  STAGE 1-0-0 at 16:06


BEGIN STAGE 2-0-0: TYPE-DEPENDENT TUNING at 16:06


BEGIN STAGE 2-1-0: TUNING PREC='d' (precision 1 of 4) at 16:06


   BEGIN STAGE 2-1-1: BUILDING BLOCK MATMUL TUNE at 16:06
      The best matmul kernel was CASES/ATL_dmm4x2x256_avx.c, NB=52, written by R. Clint Whaley
      Performance: 25583.78MFLOPS (775.03 percent of of detected clock rate)
        (Gen case got 7009.26MFLOPS)
      mmNN   : ma=0, lat=5, nb=40, mu=10, nu=1 ku=4, ff=0, if=7, nf=1
               Performance = 6868.41 (26.85 of copy matmul, 208.07 of clock)
      mmNT   : ma=0, lat=5, nb=40, mu=10, nu=1 ku=4, ff=0, if=7, nf=1
               Performance = 6688.83 (26.14 of copy matmul, 202.63 of clock)
      mmTN   : ma=0, lat=2, nb=40, mu=10, nu=1 ku=40, ff=0, if=7, nf=1
               Performance = 6822.62 (26.67 of copy matmul, 206.68 of clock)
      mmTT   : ma=0, lat=4, nb=40, mu=10, nu=1 ku=40, ff=0, if=7, nf=1
               Performance = 6777.43 (26.49 of copy matmul, 205.31 of clock)

   DONE  STAGE 2-1-1 at 16:07


   BEGIN STAGE 2-1-2: CacheEdge DETECTION at 16:07
      CacheEdge set to 2097152 bytes
   DONE  STAGE 2-1-2 at 16:07


   BEGIN STAGE 2-1-3: SMALL/LARGE CROSSOVER at 16:07


   STAGE 2-1-3: COPY/NO-COPY CROSSOVER DETECTION
      done.
   DONE  STAGE 2-1-3 at 16:07


   BEGIN STAGE 2-1-4: L3BLAS TUNE at 16:07
   DONE  STAGE 2-1-4 at 16:07


   BEGIN STAGE 2-1-5: GEMV TUNE at 16:07
      gemvN : main kernel 900002:dmvn_sse.c written by R. Clint Whaley
            mu=8, nu=2, using 30720 Cache Elements
              Performance = 2300.57 ( 8.99 of copy matmul, 69.69 of clock)
      gemvT : main kernel 900002:dmvt_sse.c written by R. Clint Whaley
            mu=16, nu=2, using 26624 Cache Elements
              Performance = 2300.57 ( 8.99 of copy matmul, 69.69 of clock)
   DONE  STAGE 2-1-5 at 16:07


   BEGIN STAGE 2-1-6: GER TUNE at 16:07
      ger : main kernel 900002:dr1_sse.c written by R. Clint Whaley
            mu=8, nu=1, using 28672 Cache Elements
              Performance = 2300.50 ( 8.99 of copy matmul, 69.69 of clock)
   DONE  STAGE 2-1-6 at 16:07
DONE  STAGE 2-0-0 at 16:07


BEGIN STAGE 2-2-0: TUNING PREC='s' (precision 2 of 4) at 16:07


   BEGIN STAGE 2-2-1: BUILDING BLOCK MATMUL TUNE at 16:07
      The best matmul kernel was CASES/ATL_smm4x2x256_avx.c, NB=72, written by R. Clint Whaley
      Performance: 48732.04MFLOPS (1476.28 percent of of detected clock rate)
        (Gen case got 7106.82MFLOPS)
      mmNN   : ma=0, lat=8, nb=68, mu=2, nu=5 ku=68, ff=1, if=6, nf=1
               Performance = 7155.64 (14.68 of copy matmul, 216.77 of clock)
      mmNT   : ma=0, lat=2, nb=68, mu=2, nu=5 ku=1, ff=1, if=6, nf=1
               Performance = 6913.89 (14.19 of copy matmul, 209.45 of clock)
      mmTN   : ma=0, lat=8, nb=68, mu=2, nu=5 ku=68, ff=1, if=6, nf=1
               Performance = 7105.94 (14.58 of copy matmul, 215.27 of clock)
      mmTT   : ma=0, lat=1, nb=68, mu=2, nu=5 ku=4, ff=1, if=6, nf=1
               Performance = 6867.49 (14.09 of copy matmul, 208.04 of clock)

   DONE  STAGE 2-2-1 at 16:08


   BEGIN STAGE 2-2-2: CacheEdge DETECTION at 16:08
      CacheEdge set to 2097152 bytes
   DONE  STAGE 2-2-2 at 16:08


   BEGIN STAGE 2-2-3: SMALL/LARGE CROSSOVER at 16:08


   STAGE 2-2-3: COPY/NO-COPY CROSSOVER DETECTION
      done.
   DONE  STAGE 2-2-3 at 16:08


   BEGIN STAGE 2-2-4: L3BLAS TUNE at 16:08
   DONE  STAGE 2-2-4 at 16:08


   BEGIN STAGE 2-2-5: GEMV TUNE at 16:08
      gemvN : main kernel 900002:smvn_sse.c written by R. Clint Whaley
            mu=16, nu=2, using 32768 Cache Elements
              Performance = 6001.50 (12.32 of copy matmul, 181.81 of clock)
      gemvT : main kernel 900002:smvt_sse.c written by R. Clint Whaley
            mu=16, nu=2, using 24576 Cache Elements
              Performance = 6001.50 (12.32 of copy matmul, 181.81 of clock)
   DONE  STAGE 2-2-5 at 16:08


   BEGIN STAGE 2-2-6: GER TUNE at 16:08
      ger : main kernel 900002:sr1_sse.c written by R. Clint Whaley
            mu=16, nu=1, using 40960 Cache Elements
              Performance = 3000.50 ( 6.16 of copy matmul, 90.90 of clock)
   DONE  STAGE 2-2-6 at 16:08
DONE  STAGE 2-0-0 at 16:08


BEGIN STAGE 2-3-0: TUNING PREC='z' (precision 3 of 4) at 16:08


   BEGIN STAGE 2-3-1: BUILDING BLOCK MATMUL TUNE at 16:08
      The best matmul kernel was CASES/ATL_dmm4x2x256_avx.c, NB=44, written by R. Clint Whaley
      Performance: 23257.65MFLOPS (704.56 percent of of detected clock rate)
        (Gen case got 6961.47MFLOPS)
      mmNN   : ma=1, lat=5, nb=40, mu=10, nu=1 ku=40, ff=0, if=5, nf=2
               Performance = 6867.76 (29.53 of copy matmul, 208.05 of clock)
      mmNT   : ma=1, lat=2, nb=40, mu=10, nu=1 ku=40, ff=0, if=5, nf=2
               Performance = 6914.16 (29.73 of copy matmul, 209.46 of clock)
      mmTN   : ma=1, lat=8, nb=40, mu=10, nu=1 ku=40, ff=0, if=5, nf=2
               Performance = 6821.98 (29.33 of copy matmul, 206.66 of clock)
      mmTT   : ma=1, lat=5, nb=40, mu=10, nu=1 ku=40, ff=0, if=5, nf=2
               Performance = 6776.79 (29.14 of copy matmul, 205.30 of clock)

   DONE  STAGE 2-3-1 at 16:09


   BEGIN STAGE 2-3-2: CacheEdge DETECTION at 16:09
      CacheEdge set to 2097152 bytes
      zdNKB set to 0 bytes
   DONE  STAGE 2-3-2 at 16:09


   BEGIN STAGE 2-3-3: SMALL/LARGE CROSSOVER at 16:09


   STAGE 2-3-3: COPY/NO-COPY CROSSOVER DETECTION
      done.
   DONE  STAGE 2-3-3 at 16:09


   BEGIN STAGE 2-3-4: L3BLAS TUNE at 16:09
   DONE  STAGE 2-3-4 at 16:09


   BEGIN STAGE 2-3-5: GEMV TUNE at 16:09
      gemvN : main kernel 900002:zmvn_sse.c written by R. Clint Whaley
            mu=4, nu=4, using 13312 Cache Elements
              Performance = 4602.88 (19.79 of copy matmul, 139.44 of clock)
      gemvT : main kernel 900002:zmvt_sse.c written by R. Clint Whaley
            mu=4, nu=4, using 12288 Cache Elements
              Performance = 4603.45 (19.79 of copy matmul, 139.46 of clock)
   DONE  STAGE 2-3-5 at 16:09


   BEGIN STAGE 2-3-6: GER TUNE at 16:09
      ger : main kernel 900002:zr1_sse.c written by R. Clint Whaley
            mu=4, nu=1, using 16384 Cache Elements
              Performance = 4600.25 (19.78 of copy matmul, 139.36 of clock)
   DONE  STAGE 2-3-6 at 16:10
DONE  STAGE 2-0-0 at 16:10


BEGIN STAGE 2-4-0: TUNING PREC='c' (precision 4 of 4) at 16:10


   BEGIN STAGE 2-4-1: BUILDING BLOCK MATMUL TUNE at 16:10
      The best matmul kernel was CASES/ATL_smm4x2x256_avx.c, NB=72, written by R. Clint Whaley
      Performance: 42640.92MFLOPS (1291.76 percent of of detected clock rate)
        (Gen case got 7057.81MFLOPS)
      mmNN   : ma=0, lat=1, nb=40, mu=2, nu=5 ku=40, ff=0, if=3, nf=3
               Performance = 7057.22 (16.55 of copy matmul, 213.79 of clock)
      mmNT   : ma=0, lat=1, nb=40, mu=2, nu=5 ku=40, ff=0, if=3, nf=3
               Performance = 7008.87 (16.44 of copy matmul, 212.33 of clock)
      mmTN   : ma=0, lat=1, nb=40, mu=2, nu=5 ku=40, ff=0, if=3, nf=3
               Performance = 7106.22 (16.67 of copy matmul, 215.27 of clock)
      mmTT   : ma=0, lat=1, nb=40, mu=2, nu=5 ku=40, ff=0, if=3, nf=3
               Performance = 7057.20 (16.55 of copy matmul, 213.79 of clock)

   DONE  STAGE 2-4-1 at 16:10


   BEGIN STAGE 2-4-2: CacheEdge DETECTION at 16:10
      CacheEdge set to 2097152 bytes
      csNKB set to 0 bytes
   DONE  STAGE 2-4-2 at 16:10


   BEGIN STAGE 2-4-3: SMALL/LARGE CROSSOVER at 16:10


   STAGE 2-4-3: COPY/NO-COPY CROSSOVER DETECTION
      done.
   DONE  STAGE 2-4-3 at 16:10


   BEGIN STAGE 2-4-4: L3BLAS TUNE at 16:10
   DONE  STAGE 2-4-4 at 16:10


   BEGIN STAGE 2-4-5: GEMV TUNE at 16:10
      gemvN : main kernel 900002:cmvn_sse.c written by R. Clint Whaley
            mu=8, nu=2, using 24576 Cache Elements
              Performance = 9203.45 (21.58 of copy matmul, 278.81 of clock)
      gemvT : main kernel 900007:cmvt_sse.c written by R. Clint Whaley
            mu=8, nu=4, using 0 Cache Elements
              Performance = 18402.30 (43.16 of copy matmul, 557.48 of clock)
   DONE  STAGE 2-4-5 at 16:10


   BEGIN STAGE 2-4-6: GER TUNE at 16:10
      ger : main kernel 900002:cr1_sse.c written by R. Clint Whaley
            mu=8, nu=1, using 14336 Cache Elements
              Performance = 9198.20 (21.57 of copy matmul, 278.65 of clock)
   DONE  STAGE 2-4-6 at 16:11
DONE  STAGE 2-0-0 at 16:11
DONE  STAGE 2-0-0 at 16:11


BEGIN STAGE 3-0-0: GENERAL LIBRARY BUILD at 16:11
DONE  STAGE 3-0-0 at 16:11


BEGIN STAGE 4-0-0: POST-BUILD TUNING at 16:11


   BEGIN STAGE 4-1-1: TRSM TUNE at 16:11
   DONE  STAGE 4-1-0 at 16:11


   BEGIN STAGE 4-2-0: THREADING TUNE at 16:11
   DONE  STAGE 4-2-0 at 16:12


   BEGIN STAGE 4-2-1: THREADING BUILD at 16:12
   DONE  STAGE 4-2-1 at 16:12


   BEGIN STAGE 4-3-0: LAPACK TUNING at 16:12


      BEGIN STAGE 4-3-1: dLAPACK TUNING at 16:12
      DONE  STAGE 4-3-1 at 16:12


      BEGIN STAGE 4-3-2: sLAPACK TUNING at 16:12
      DONE  STAGE 4-3-2 at 16:12


      BEGIN STAGE 4-3-3: zLAPACK TUNING at 16:12
      DONE  STAGE 4-3-3 at 16:12


      BEGIN STAGE 4-3-4: cLAPACK TUNING at 16:12
      DONE  STAGE 4-3-4 at 16:12
   DONE  STAGE 4-3-0 at 16:12
DONE  STAGE 4-0-0 at 16:12


BEGIN STAGE 5-0-0: FINAL LIBRARY UPDATE at 16:12


   BEGIN STAGE 5-1-0: FINAL STATIC LIBRARY UPDATE at 16:12
   DONE  STAGE 5-1-0 at 16:12

*******************************************************************************
*******************************************************************************
*******************************************************************************
*      FINISHED ATLAS3.10.2 INSTALL OF SECTION 0-0-0 ON 06/24/2015 AT 16:12   *
*******************************************************************************
*******************************************************************************
*******************************************************************************



