
*******************************************************************************
*******************************************************************************
*******************************************************************************
*       BEGAN ATLAS3.10.2 INSTALL OF SECTION 2-3-7 ON 06/24/2015 AT 22:39     *
*******************************************************************************
*******************************************************************************
*******************************************************************************



make[2]: Entering directory `/home/jmb/Documents/codes/bem_ax/install/atlas-3.10.2/bld/bin'
cd /home/jmb/Documents/codes/bem_ax/install/atlas-3.10.2/bld/tune/blas/gemv ; make res/zMVNK.sum pre=z
make[3]: Entering directory `/home/jmb/Documents/codes/bem_ax/install/atlas-3.10.2/bld/tune/blas/gemv'
./xmvnksearch -p z

      Read in L1 Cache size as = 128KB.
   900002:zmvn_sse.c (M=2300, N=1000, lda=2303) gets 7336.18 MFLOPS
   900003:zmvn_sse.c (M=409, N=20, lda=417) gets 9388.85 MFLOPS
   900006:zmvn_sse.c (M=512, N=16, lda=520) gets 9404.21 MFLOPS
   900002:zmvn_sse.c (M=409, N=20, lda=413) gets 7645.21 MFLOPS
   900003:zmvn_sse.c (M=696, N=10, lda=704) gets 9016.96 MFLOPS
   900006:zmvn_sse.c (M=870, N=8, lda=878) gets 8307.10 MFLOPS
   900007:zmvn_sse.c (M=696, N=10, lda=700) gets 8196.50 MFLOPS
   900002:zmvn_sse.c (M=2300, N=1000, lda=2303) gets 7336.18 MFLOPS
ID=900002 ROUT='zmvn_sse.c' AUTH='R. Clint Whaley' TA='N' KNAME='ATL_zmvnk__900002' \
   rankR=0 CacheElts=7372 SSE=3 alignA=0 alignY=16 alignX=16 minM=4 minN=5  \
   NU=5 MU=4 LDAMUL=0 PFTUNABLE=1 ALIGNX2A=0 ADDCFLAGS=0 GEMMBASED=0 AXPYBASED=1  \
   ALLALIGNXY=0 LDYTOP=0 FNU=1 X87=0  \
   MFLOP=7.336175e+03,-7.568540e+03  ASM=GAS_x8664 \
     CFLAGS='-x assembler-with-cpp -DPFIA=prefetcht0 -DPFIX=prefetchnta -DPFIY=prefetcht1 -DPFADIST=192 -DPFXDIST=128 -DPFYDIST=512' \
     COMP='gcc'
ID=900003 ROUT='zmvn_sse.c' AUTH='R. Clint Whaley' TA='N' KNAME='ATL_zmvnk__900003' \
   rankR=2 CacheElts=53248 SSE=3 alignA=16 alignY=16 alignX=16 minM=4 minN=5  \
   NU=5 MU=4 LDAMUL=16 PFTUNABLE=1 ALIGNX2A=0 ADDCFLAGS=0 GEMMBASED=0 AXPYBASED=1  \
   ALLALIGNXY=0 LDYTOP=0 FNU=1 X87=0  \
   MFLOP=-7.276736e+03,-7.568540e+03,0.000000e+00,9.388850e+03,-1.456047e+04 \
     ASM=GAS_x8664  CFLAGS='-x assembler-with-cpp'  COMP='gcc'
ID=900006 ROUT='zmvn_sse.c' AUTH='R. Clint Whaley' TA='N' KNAME='ATL_zmvnk__900006' \
   rankR=1 CacheElts=53248 SSE=3 alignA=16 alignY=16 alignX=16 minM=12  \
   minN=4 NU=4 MU=12 LDAMUL=16 PFTUNABLE=1 ALIGNX2A=0 ADDCFLAGS=0 GEMMBASED=0  \
   AXPYBASED=1 ALLALIGNXY=0 LDYTOP=0 FNU=1 X87=0  \
   MFLOP=-6.871504e+03,0.000000e+00,0.000000e+00,9.404212e+03,-1.470811e+04 \
     ASM=GAS_x8664 \
     CFLAGS='-x assembler-with-cpp -DPFIA=prefetcht0 -DPFIX=prefetchnta -DPFIY=prefetcht2 -DPFADIST=256 -DPFXDIST=0 -DPFYDIST=256' \
     COMP='gcc'
ID=900002 ROUT='zmvn_sse.c' AUTH='R. Clint Whaley' TA='N' KNAME='ATL_zmvnk__900002' \
   rankR=0 CacheElts=53248 SSE=3 alignA=0 alignY=16 alignX=16 minM=4 minN=5  \
   NU=5 MU=4 LDAMUL=0 PFTUNABLE=1 ALIGNX2A=0 ADDCFLAGS=0 GEMMBASED=0 AXPYBASED=1  \
   ALLALIGNXY=0 LDYTOP=0 FNU=1 X87=0  \
   MFLOP=-6.802468e+03,-6.483482e+03,0.000000e+00,7.645207e+03,-1.314279e+04 \
     ASM=GAS_x8664 \
     CFLAGS='-x assembler-with-cpp -DPFIA=prefetcht0 -DPFIX=prefetchnta -DPFIY=prefetcht2 -DPFADIST=192 -DPFXDIST=192 -DPFYDIST=256' \
     COMP='gcc'
ID=900003 ROUT='zmvn_sse.c' AUTH='R. Clint Whaley' TA='N' KNAME='ATL_zmvnk__900003' \
   rankR=2 CacheElts=7372 SSE=3 alignA=16 alignY=16 alignX=16 minM=4 minN=5  \
   NU=5 MU=4 LDAMUL=16 PFTUNABLE=1 ALIGNX2A=0 ADDCFLAGS=0 GEMMBASED=0 AXPYBASED=1  \
   ALLALIGNXY=0 LDYTOP=0 FNU=1 X87=0  \
   MFLOP=-7.276736e+03,-7.568540e+03,0.000000e+00,0.000000e+00,9.016959e+03 \
     ASM=GAS_x8664  CFLAGS='-x assembler-with-cpp'  COMP='gcc'
ID=900006 ROUT='zmvn_sse.c' AUTH='R. Clint Whaley' TA='N' KNAME='ATL_zmvnk__900006' \
   rankR=1 CacheElts=7372 SSE=3 alignA=16 alignY=16 alignX=16 minM=12 minN=4  \
   NU=4 MU=12 LDAMUL=16 PFTUNABLE=1 ALIGNX2A=0 ADDCFLAGS=0 GEMMBASED=0  \
   AXPYBASED=1 ALLALIGNXY=0 LDYTOP=0 FNU=1 X87=0  \
   MFLOP=-6.871504e+03,0.000000e+00,0.000000e+00,0.000000e+00,8.307097e+03 \
     ASM=GAS_x8664 \
     CFLAGS='-x assembler-with-cpp -DPFIX=prefetcht0 -DPFIY=prefetcht2 -DPFADIST=0 -DPFXDIST=256 -DPFYDIST=0' \
     COMP='gcc'
ID=900007 ROUT='zmvn_sse.c' AUTH='R. Clint Whaley' TA='N' KNAME='ATL_zmvnk__900007' \
   rankR=0 CacheElts=7372 SSE=3 alignA=0 alignY=16 alignX=16 minM=8 minN=5  \
   NU=5 MU=8 LDAMUL=0 PFTUNABLE=1 ALIGNX2A=0 ADDCFLAGS=0 GEMMBASED=0 AXPYBASED=1  \
   ALLALIGNXY=0 LDYTOP=0 FNU=1 X87=0  \
   MFLOP=0.000000e+00,0.000000e+00,0.000000e+00,-1.290340e+04,8.196497e+03 \
     ASM=GAS_x8664 \
     CFLAGS='-x assembler-with-cpp -DPFIA=prefetcht0 -DPFIY=prefetcht0 -DPFADIST=128 -DPFXDIST=192 -DPFYDIST=0' \
     COMP='gcc'
ID=900002 ROUT='zmvn_sse.c' AUTH='R. Clint Whaley' TA='N' KNAME='ATL_zmvnk__900002' \
   rankR=0 CacheElts=7372 SSE=3 alignA=0 alignY=16 alignX=16 minM=4 minN=5  \
   NU=5 MU=4 LDAMUL=0 PFTUNABLE=1 ALIGNX2A=0 ADDCFLAGS=0 GEMMBASED=0 AXPYBASED=1  \
   ALLALIGNXY=0 LDYTOP=0 FNU=1 X87=0  \
   MFLOP=7.336175e+03,-7.568540e+03  ASM=GAS_x8664 \
     CFLAGS='-x assembler-with-cpp -DPFIA=prefetcht0 -DPFIX=prefetchnta -DPFIY=prefetcht1 -DPFADIST=192 -DPFXDIST=128 -DPFYDIST=512' \
     COMP='gcc'
make zmvninstall
make[4]: Entering directory `/home/jmb/Documents/codes/bem_ax/install/atlas-3.10.2/bld/tune/blas/gemv'
mkdir zmvnoutd
rm -f zmvnoutd/*
if [ -s "/home/jmb/Documents/codes/bem_ax/install/atlas-3.10.2/bld/src/blas/gemv/Make_zmvn" ]; then \
           cd  /home/jmb/Documents/codes/bem_ax/install/atlas-3.10.2/bld/src/blas/gemv ; make -f Make_zmvn killall ; \
           rm -f /home/jmb/Documents/codes/bem_ax/install/atlas-3.10.2/bld/src/blas/gemv/Make_zmvn ; \
        fi
./xmvnhgen -p z -F res/zMVNK.sum -d zmvnoutd
make[5]: Entering directory `/home/jmb/Documents/codes/bem_ax/install/atlas-3.10.2/bld/tune/blas/gemv'
/home/jmb/Documents/codes/bem_ax/install/atlas-3.10.2/bld/bin/xextract -b /home/jmb/Documents/codes/bem_ax/install/atlas-3.10.2/bld/../src//tune/blas/gemv/atlas-l2g.base order=clmajor \
                           rout=mvn_sse nu=5 type=DCPLX -def MU 1 \
                            -o EXTDIR/zmvn_sse.c
make[5]: Leaving directory `/home/jmb/Documents/codes/bem_ax/install/atlas-3.10.2/bld/tune/blas/gemv'
make[5]: Entering directory `/home/jmb/Documents/codes/bem_ax/install/atlas-3.10.2/bld/tune/blas/gemv'
/home/jmb/Documents/codes/bem_ax/install/atlas-3.10.2/bld/bin/xextract -b /home/jmb/Documents/codes/bem_ax/install/atlas-3.10.2/bld/../src//tune/blas/gemv/atlas-l2g.base order=clmajor \
                           rout=mvn_sse nu=5 type=DCPLX -def MU 1 \
                           -def ALIGNED 1 -o EXTDIR/zmvn_sse.c
make[5]: Leaving directory `/home/jmb/Documents/codes/bem_ax/install/atlas-3.10.2/bld/tune/blas/gemv'
make[5]: Entering directory `/home/jmb/Documents/codes/bem_ax/install/atlas-3.10.2/bld/tune/blas/gemv'
/home/jmb/Documents/codes/bem_ax/install/atlas-3.10.2/bld/bin/xextract -b /home/jmb/Documents/codes/bem_ax/install/atlas-3.10.2/bld/../src//tune/blas/gemv/atlas-l2g.base order=clmajor \
                           rout=mvn_sse nu=4 type=DCPLX -def MU 3 \
                           -def ALIGNED 1 -o EXTDIR/zmvn_sse.c
make[5]: Leaving directory `/home/jmb/Documents/codes/bem_ax/install/atlas-3.10.2/bld/tune/blas/gemv'
make[5]: Entering directory `/home/jmb/Documents/codes/bem_ax/install/atlas-3.10.2/bld/tune/blas/gemv'
/home/jmb/Documents/codes/bem_ax/install/atlas-3.10.2/bld/bin/xextract -b /home/jmb/Documents/codes/bem_ax/install/atlas-3.10.2/bld/../src//tune/blas/gemv/atlas-l2g.base order=clmajor \
                           rout=mvn_sse nu=5 type=DCPLX -def MU 2 \
                            -o EXTDIR/zmvn_sse.c
make[5]: Leaving directory `/home/jmb/Documents/codes/bem_ax/install/atlas-3.10.2/bld/tune/blas/gemv'
cp -f zmvnoutd/Make_zmvn /home/jmb/Documents/codes/bem_ax/install/atlas-3.10.2/bld/src/blas/gemv/.
cp zmvnoutd/*.c /home/jmb/Documents/codes/bem_ax/install/atlas-3.10.2/bld/src/blas/gemv/.
cp -f zmvnoutd/*.h /home/jmb/Documents/codes/bem_ax/install/atlas-3.10.2/bld/include/.
if [ -s "xccobj.exe" ] ; then \
	   cp -f xccobj.exe /home/jmb/Documents/codes/bem_ax/install/atlas-3.10.2/bld/src/blas/gemv/. ; \
	elif [ -s "xccobj" ]; then \
           cp -f xccobj /home/jmb/Documents/codes/bem_ax/install/atlas-3.10.2/bld/src/blas/gemv/. ; \
        fi
touch /home/jmb/Documents/codes/bem_ax/install/atlas-3.10.2/bld/../src//include/atlas_mv.h
rm -f zmvnoutd/* ; rmdir zmvnoutd
make[4]: Leaving directory `/home/jmb/Documents/codes/bem_ax/install/atlas-3.10.2/bld/tune/blas/gemv'
make[3]: Leaving directory `/home/jmb/Documents/codes/bem_ax/install/atlas-3.10.2/bld/tune/blas/gemv'
cp /home/jmb/Documents/codes/bem_ax/install/atlas-3.10.2/bld/tune/blas/gemv/res/zMVNK.sum INSTALL_LOG/.
make[2]: Leaving directory `/home/jmb/Documents/codes/bem_ax/install/atlas-3.10.2/bld/bin'

*******************************************************************************
*******************************************************************************
*******************************************************************************
*      FINISHED ATLAS3.10.2 INSTALL OF SECTION 2-3-7 ON 06/24/2015 AT 22:39   *
*******************************************************************************
*******************************************************************************
*******************************************************************************



