
*******************************************************************************
*******************************************************************************
*******************************************************************************
*       BEGAN ATLAS3.10.2 INSTALL OF SECTION 2-3-7 ON 06/24/2015 AT 22:39     *
*******************************************************************************
*******************************************************************************
*******************************************************************************



make[2]: Entering directory `/home/jmb/Documents/codes/bem_ax/install/atlas-3.10.2/bld/bin'
cd /home/jmb/Documents/codes/bem_ax/install/atlas-3.10.2/bld/tune/blas/gemv ; make res/zMVTK.sum pre=z
make[3]: Entering directory `/home/jmb/Documents/codes/bem_ax/install/atlas-3.10.2/bld/tune/blas/gemv'
./xmvtksearch -p z

      Read in L1 Cache size as = 128KB.
   900002:zmvt_sse.c (M=2300, N=1000, lda=2303) gets 7995.57 MFLOPS
   900007:zmvt_sse.c (M=455, N=18, lda=462) gets 10674.17 MFLOPS
   900005:zmvt_sse.c (M=870, N=8, lda=875) gets 8853.83 MFLOPS
   900002:zmvt_sse.c (M=2300, N=1000, lda=2303) gets 9414.01 MFLOPS
ID=900002 ROUT='zmvt_sse.c' AUTH='R. Clint Whaley' TA='T' KNAME='ATL_zmvtk__900002' \
   rankR=0 CacheElts=45056 SSE=3 alignA=0 alignY=16 alignX=16 minM=8 minN=2  \
   NU=2 MU=8 LDAMUL=0 PFTUNABLE=1 ALIGNX2A=0 ADDCFLAGS=0 GEMMBASED=0 AXPYBASED=0  \
   ALLALIGNXY=0 LDYTOP=0 FNU=1 X87=0  \
   MFLOP=7.995571e+03,-8.383951e+03  ASM=GAS_x8664 \
     CFLAGS='-x assembler-with-cpp -DPFIA=prefetcht2 -DPFIX=prefetcht0 -DPFADIST=256 -DPFXDIST=512 -DPFYDIST=128' \
     COMP='gcc'
ID=900007 ROUT='zmvt_sse.c' AUTH='R. Clint Whaley' TA='T' KNAME='ATL_zmvtk__900007' \
   rankR=0 CacheElts=45056 SSE=3 alignA=0 alignY=16 alignX=16 minM=4 minN=6  \
   NU=6 MU=4 LDAMUL=0 PFTUNABLE=1 ALIGNX2A=0 ADDCFLAGS=0 GEMMBASED=0 AXPYBASED=0  \
   ALLALIGNXY=0 LDYTOP=0 FNU=1 X87=0  \
   MFLOP=0.000000e+00,0.000000e+00,0.000000e+00,1.067417e+04,-1.377461e+04 \
     ASM=GAS_x8664 \
     CFLAGS='-x assembler-with-cpp -DPFIA=prefetcht1 -DPFIX=prefetchnta -DPFADIST=0 -DPFYDIST=0' \
     COMP='gcc'
ID=900005 ROUT='zmvt_sse.c' AUTH='R. Clint Whaley' TA='T' KNAME='ATL_zmvtk__900005' \
   rankR=0 CacheElts=8192 SSE=3 alignA=0 alignY=16 alignX=16 minM=4 minN=4  \
   NU=4 MU=4 LDAMUL=0 PFTUNABLE=1 ALIGNX2A=0 ADDCFLAGS=0 GEMMBASED=0 AXPYBASED=0  \
   ALLALIGNXY=0 LDYTOP=0 FNU=1 X87=0  \
   MFLOP=0.000000e+00,0.000000e+00,0.000000e+00,0.000000e+00,8.853831e+03 \
     ASM=GAS_x8664 \
     CFLAGS='-x assembler-with-cpp -DPFIA=prefetcht1 -DPFIX=prefetcht0 -DPFIY=prefetcht1 -DPFADIST=0 -DPFXDIST=0 -DPFYDIST=960' \
     COMP='gcc'
ID=900002 ROUT='zmvt_sse.c' AUTH='R. Clint Whaley' TA='T' KNAME='ATL_zmvtk__900002' \
   rankR=0 CacheElts=8192 SSE=3 alignA=0 alignY=16 alignX=16 minM=8 minN=2  \
   NU=2 MU=8 LDAMUL=0 PFTUNABLE=1 ALIGNX2A=0 ADDCFLAGS=0 GEMMBASED=0 AXPYBASED=0  \
   ALLALIGNXY=0 LDYTOP=0 FNU=1 X87=0  \
   MFLOP=9.414008e+03,-7.844316e+03  ASM=GAS_x8664 \
     CFLAGS='-x assembler-with-cpp -DPFIA=prefetcht1 -DPFIY=prefetchnta -DPFADIST=256 -DPFXDIST=256 -DPFYDIST=256' \
     COMP='gcc'
make zmvtinstall
make[4]: Entering directory `/home/jmb/Documents/codes/bem_ax/install/atlas-3.10.2/bld/tune/blas/gemv'
mkdir zmvtoutd
rm -f zmvtoutd/*
if [ -s "/home/jmb/Documents/codes/bem_ax/install/atlas-3.10.2/bld/src/blas/gemv/Make_zmvt" ]; then \
           cd  /home/jmb/Documents/codes/bem_ax/install/atlas-3.10.2/bld/src/blas/gemv ; make -f Make_zmvt killall ; \
           rm -f /home/jmb/Documents/codes/bem_ax/install/atlas-3.10.2/bld/src/blas/gemv/Make_zmvt ; \
        fi
./xmvthgen -p z -F res/zMVTK.sum -d zmvtoutd
make[5]: Entering directory `/home/jmb/Documents/codes/bem_ax/install/atlas-3.10.2/bld/tune/blas/gemv'
/home/jmb/Documents/codes/bem_ax/install/atlas-3.10.2/bld/bin/xextract -b /home/jmb/Documents/codes/bem_ax/install/atlas-3.10.2/bld/../src//tune/blas/gemv/atlas-l2g.base order=clmajor \
                           rout=mvt_sse nu=2 type=DCPLX -def MU 2 \
                            -o EXTDIR/zmvt_sse.c
make[5]: Leaving directory `/home/jmb/Documents/codes/bem_ax/install/atlas-3.10.2/bld/tune/blas/gemv'
make[5]: Entering directory `/home/jmb/Documents/codes/bem_ax/install/atlas-3.10.2/bld/tune/blas/gemv'
/home/jmb/Documents/codes/bem_ax/install/atlas-3.10.2/bld/bin/xextract -b /home/jmb/Documents/codes/bem_ax/install/atlas-3.10.2/bld/../src//tune/blas/gemv/atlas-l2g.base order=clmajor \
                           rout=mvt_sse nu=6 type=DCPLX -def MU 1 \
                            -o EXTDIR/zmvt_sse.c
make[5]: Leaving directory `/home/jmb/Documents/codes/bem_ax/install/atlas-3.10.2/bld/tune/blas/gemv'
make[5]: Entering directory `/home/jmb/Documents/codes/bem_ax/install/atlas-3.10.2/bld/tune/blas/gemv'
/home/jmb/Documents/codes/bem_ax/install/atlas-3.10.2/bld/bin/xextract -b /home/jmb/Documents/codes/bem_ax/install/atlas-3.10.2/bld/../src//tune/blas/gemv/atlas-l2g.base order=clmajor \
                           rout=mvt_sse nu=4 type=DCPLX -def MU 1 \
                            -o EXTDIR/zmvt_sse.c
make[5]: Leaving directory `/home/jmb/Documents/codes/bem_ax/install/atlas-3.10.2/bld/tune/blas/gemv'
cp -f zmvtoutd/Make_zmvt /home/jmb/Documents/codes/bem_ax/install/atlas-3.10.2/bld/src/blas/gemv/.
cp zmvtoutd/*.c /home/jmb/Documents/codes/bem_ax/install/atlas-3.10.2/bld/src/blas/gemv/.
cp -f zmvtoutd/*.h /home/jmb/Documents/codes/bem_ax/install/atlas-3.10.2/bld/include/.
if [ -s "xccobj.exe" ] ; then \
	   cp -f xccobj.exe /home/jmb/Documents/codes/bem_ax/install/atlas-3.10.2/bld/src/blas/gemv/. ; \
	elif [ -s "xccobj" ]; then \
           cp -f xccobj /home/jmb/Documents/codes/bem_ax/install/atlas-3.10.2/bld/src/blas/gemv/. ; \
        fi
touch /home/jmb/Documents/codes/bem_ax/install/atlas-3.10.2/bld/../src//include/atlas_mv.h
rm -f zmvtoutd/* ; rmdir zmvtoutd
make[4]: Leaving directory `/home/jmb/Documents/codes/bem_ax/install/atlas-3.10.2/bld/tune/blas/gemv'
make[3]: Leaving directory `/home/jmb/Documents/codes/bem_ax/install/atlas-3.10.2/bld/tune/blas/gemv'
cp /home/jmb/Documents/codes/bem_ax/install/atlas-3.10.2/bld/tune/blas/gemv/res/zMVTK.sum INSTALL_LOG/.
make[2]: Leaving directory `/home/jmb/Documents/codes/bem_ax/install/atlas-3.10.2/bld/bin'

*******************************************************************************
*******************************************************************************
*******************************************************************************
*      FINISHED ATLAS3.10.2 INSTALL OF SECTION 2-3-7 ON 06/24/2015 AT 22:39   *
*******************************************************************************
*******************************************************************************
*******************************************************************************



